[     541ms] [WARNING] "shadow*" style props are deprecated. Use "boxShadow". @ http://localhost:8081/node_modules/expo-router/entry.bundle?platform=web&dev=true&hot=false&lazy=true&transform.engine=hermes&transform.routerRoot=app&unstable_transformProfile=hermes-stable:10464
[     653ms] [WARNING] [Layout children]: No route named "+not-found" exists in nested children: [notifications, paywall, (auth), (tabs), accounts/add, budget/add-category, budget/add-goal, budget/add-subcategory, budget/set-budget, budget/goal/[id], dev/sms-test, onboarding, settings/about, settings/allocation, settings/budget-reset-day, settings/currency, settings/export, settings/merchant-categories, settings/notifications, settings/shortcut-setup, subscriptions/[id], subscriptions/add, transaction/[id], transactions/index, trends/[category]] @ http://localhost:8081/node_modules/expo-router/entry.bundle?platform=web&dev=true&hot=false&lazy=true&transform.engine=hermes&transform.routerRoot=app&unstable_transformProfile=hermes-stable:73056
[     654ms] [WARNING] [Layout children]: No route named "settings/monthly-income" exists in nested children: [notifications, paywall, (auth), (tabs), accounts/add, budget/add-category, budget/add-goal, budget/add-subcategory, budget/set-budget, budget/goal/[id], dev/sms-test, onboarding, settings/about, settings/allocation, settings/budget-reset-day, settings/currency, settings/export, settings/merchant-categories, settings/notifications, settings/shortcut-setup, subscriptions/[id], subscriptions/add, transaction/[id], transactions/index, trends/[category]] @ http://localhost:8081/node_modules/expo-router/entry.bundle?platform=web&dev=true&hot=false&lazy=true&transform.engine=hermes&transform.routerRoot=app&unstable_transformProfile=hermes-stable:73056
[     681ms] [WARNING] props.pointerEvents is deprecated. Use style.pointerEvents @ http://localhost:8081/node_modules/expo-router/entry.bundle?platform=web&dev=true&hot=false&lazy=true&transform.engine=hermes&transform.routerRoot=app&unstable_transformProfile=hermes-stable:10464
[ 2519329ms] [ERROR] Each child in a list should have a unique "key" prop.%s%s See https://react.dev/link/warning-keys for more information. 

Check the render method of `div`.  It was passed a child from BudgetScreen. @ http://localhost:8081/node_modules/expo-router/entry.bundle?platform=web&dev=true&hot=false&lazy=true&transform.engine=hermes&transform.routerRoot=app&unstable_transformProfile=hermes-stable:880
[ 2989421ms] ReferenceError: isSavingsView is not defined
    at HomeScreen (http://localhost:8081/app/(tabs)/index.bundle//&platform=web&dev=true&hot=false&lazy=true&transform.engine=hermes&transform.routerRoot=app&unstable_transformProfile=hermes-stable&minify=false&modulesOnly=true&runModule=false&shallow=true:584:21)
    at Object.react_stack_bottom_frame (http://localhost:8081/node_modules/expo-router/entry.bundle?platform=web&dev=true&hot=false&lazy=true&transform.engine=hermes&transform.routerRoot=app&unstable_transformProfile=hermes-stable:24709:20)
    at renderWithHooks (http://localhost:8081/node_modules/expo-router/entry.bundle?platform=web&dev=true&hot=false&lazy=true&transform.engine=hermes&transform.routerRoot=app&unstable_transformProfile=hermes-stable:15582:22)
    at updateFunctionComponent (http://localhost:8081/node_modules/expo-router/entry.bundle?platform=web&dev=true&hot=false&lazy=true&transform.engine=hermes&transform.routerRoot=app&unstable_transformProfile=hermes-stable:16971:19)
    at beginWork (http://localhost:8081/node_modules/expo-router/entry.bundle?platform=web&dev=true&hot=false&lazy=true&transform.engine=hermes&transform.routerRoot=app&unstable_transformProfile=hermes-stable:17540:18)
    at runWithFiberInDEV (http://localhost:8081/node_modules/expo-router/entry.bundle?platform=web&dev=true&hot=false&lazy=true&transform.engine=hermes&transform.routerRoot=app&unstable_transformProfile=hermes-stable:12059:70)
    at performUnitOfWork (http://localhost:8081/node_modules/expo-router/entry.bundle?platform=web&dev=true&hot=false&lazy=true&transform.engine=hermes&transform.routerRoot=app&unstable_transformProfile=hermes-stable:19967:95)
    at workLoopSync (http://localhost:8081/node_modules/expo-router/entry.bundle?platform=web&dev=true&hot=false&lazy=true&transform.engine=hermes&transform.routerRoot=app&unstable_transformProfile=hermes-stable:19862:40)
    at renderRootSync (http://localhost:8081/node_modules/expo-router/entry.bundle?platform=web&dev=true&hot=false&lazy=true&transform.engine=hermes&transform.routerRoot=app&unstable_transformProfile=hermes-stable:19847:9)
    at performWorkOnRoot (http://localhost:8081/node_modules/expo-router/entry.bundle?platform=web&dev=true&hot=false&lazy=true&transform.engine=hermes&transform.routerRoot=app&unstable_transformProfile=hermes-stable:19520:35)
    at performSyncWorkOnRoot (http://localhost:8081/node_modules/expo-router/entry.bundle?platform=web&dev=true&hot=false&lazy=true&transform.engine=hermes&transform.routerRoot=app&unstable_transformProfile=hermes-stable:20630:7)
    at flushSyncWorkAcrossRoots_impl (http://localhost:8081/node_modules/expo-router/entry.bundle?platform=web&dev=true&hot=false&lazy=true&transform.engine=hermes&transform.routerRoot=app&unstable_transformProfile=hermes-stable:20545:308)
    at flushSyncWork$1 (http://localhost:8081/node_modules/expo-router/entry.bundle?platform=web&dev=true&hot=false&lazy=true&transform.engine=hermes&transform.routerRoot=app&unstable_transformProfile=hermes-stable:19650:84)
    at Object.scheduleRefresh (http://localhost:8081/node_modules/expo-router/entry.bundle?platform=web&dev=true&hot=false&lazy=true&transform.engine=hermes&transform.routerRoot=app&unstable_transformProfile=hermes-stable:11472:9)
    at http://localhost:8081/node_modules/expo-router/entry.bundle?platform=web&dev=true&hot=false&lazy=true&transform.engine=hermes&transform.routerRoot=app&unstable_transformProfile=hermes-stable:82430:23
    at Set.forEach (<anonymous>)
    at Object.performReactRefresh (http://localhost:8081/node_modules/expo-router/entry.bundle?platform=web&dev=true&hot=false&lazy=true&transform.engine=hermes&transform.routerRoot=app&unstable_transformProfile=hermes-stable:82422:32)
    at Object.performReactRefresh (http://localhost:8081/node_modules/expo-router/entry.bundle?platform=web&dev=true&hot=false&lazy=true&transform.engine=hermes&transform.routerRoot=app&unstable_transformProfile=hermes-stable:82188:27)
    at http://localhost:8081/node_modules/expo-router/entry.bundle?platform=web&dev=true&hot=false&lazy=true&transform.engine=hermes&transform.routerRoot=app&unstable_transformProfile=hermes-stable:429:21
[ 2989418ms] [WARNING] %s

%s
 An error occurred in the <HomeScreen> component. Consider adding an error boundary to your tree to customize error handling behavior.
Visit https://react.dev/link/error-boundaries to learn more about error boundaries. @ http://localhost:8081/node_modules/expo-router/entry.bundle?platform=web&dev=true&hot=false&lazy=true&transform.engine=hermes&transform.routerRoot=app&unstable_transformProfile=hermes-stable:16652
[ 3000436ms] [WARNING] [Layout children]: No route named "+not-found" exists in nested children: [notifications, paywall, (auth), (tabs), accounts/add, budget/add-category, budget/add-goal, budget/add-subcategory, budget/set-budget, budget/goal/[id], dev/sms-test, onboarding, settings/about, settings/allocation, settings/budget-reset-day, settings/currency, settings/export, settings/merchant-categories, settings/notifications, settings/shortcut-setup, subscriptions/[id], subscriptions/add, transaction/[id], transactions/index, trends/[category]] @ http://localhost:8081/node_modules/expo-router/entry.bundle?platform=web&dev=true&hot=false&lazy=true&transform.engine=hermes&transform.routerRoot=app&unstable_transformProfile=hermes-stable:73056
[ 3000436ms] [WARNING] [Layout children]: No route named "settings/monthly-income" exists in nested children: [notifications, paywall, (auth), (tabs), accounts/add, budget/add-category, budget/add-goal, budget/add-subcategory, budget/set-budget, budget/goal/[id], dev/sms-test, onboarding, settings/about, settings/allocation, settings/budget-reset-day, settings/currency, settings/export, settings/merchant-categories, settings/notifications, settings/shortcut-setup, subscriptions/[id], subscriptions/add, transaction/[id], transactions/index, trends/[category]] @ http://localhost:8081/node_modules/expo-router/entry.bundle?platform=web&dev=true&hot=false&lazy=true&transform.engine=hermes&transform.routerRoot=app&unstable_transformProfile=hermes-stable:73056
[ 3000449ms] [WARNING] [Layout children]: No route named "+not-found" exists in nested children: [notifications, paywall, (auth), (tabs), accounts/add, budget/add-category, budget/add-goal, budget/add-subcategory, budget/set-budget, budget/goal/[id], dev/sms-test, onboarding, settings/about, settings/allocation, settings/budget-reset-day, settings/currency, settings/export, settings/merchant-categories, settings/notifications, settings/shortcut-setup, subscriptions/[id], subscriptions/add, transaction/[id], transactions/index, trends/[category]] @ http://localhost:8081/node_modules/expo-router/entry.bundle?platform=web&dev=true&hot=false&lazy=true&transform.engine=hermes&transform.routerRoot=app&unstable_transformProfile=hermes-stable:73056
[ 3000449ms] [WARNING] [Layout children]: No route named "settings/monthly-income" exists in nested children: [notifications, paywall, (auth), (tabs), accounts/add, budget/add-category, budget/add-goal, budget/add-subcategory, budget/set-budget, budget/goal/[id], dev/sms-test, onboarding, settings/about, settings/allocation, settings/budget-reset-day, settings/currency, settings/export, settings/merchant-categories, settings/notifications, settings/shortcut-setup, subscriptions/[id], subscriptions/add, transaction/[id], transactions/index, trends/[category]] @ http://localhost:8081/node_modules/expo-router/entry.bundle?platform=web&dev=true&hot=false&lazy=true&transform.engine=hermes&transform.routerRoot=app&unstable_transformProfile=hermes-stable:73056
[ 3000656ms] ReferenceError: isSavingsView is not defined
    at HomeScreen (http://localhost:8081/app/(tabs)/index.bundle//&platform=web&dev=true&hot=false&lazy=true&transform.engine=hermes&transform.routerRoot=app&unstable_transformProfile=hermes-stable&minify=false&modulesOnly=true&runModule=false&shallow=true:584:21)
    at Object.react_stack_bottom_frame (http://localhost:8081/node_modules/expo-router/entry.bundle?platform=web&dev=true&hot=false&lazy=true&transform.engine=hermes&transform.routerRoot=app&unstable_transformProfile=hermes-stable:24709:20)
    at renderWithHooks (http://localhost:8081/node_modules/expo-router/entry.bundle?platform=web&dev=true&hot=false&lazy=true&transform.engine=hermes&transform.routerRoot=app&unstable_transformProfile=hermes-stable:15582:22)
    at updateFunctionComponent (http://localhost:8081/node_modules/expo-router/entry.bundle?platform=web&dev=true&hot=false&lazy=true&transform.engine=hermes&transform.routerRoot=app&unstable_transformProfile=hermes-stable:16971:19)
    at beginWork (http://localhost:8081/node_modules/expo-router/entry.bundle?platform=web&dev=true&hot=false&lazy=true&transform.engine=hermes&transform.routerRoot=app&unstable_transformProfile=hermes-stable:17540:18)
    at runWithFiberInDEV (http://localhost:8081/node_modules/expo-router/entry.bundle?platform=web&dev=true&hot=false&lazy=true&transform.engine=hermes&transform.routerRoot=app&unstable_transformProfile=hermes-stable:12059:70)
    at performUnitOfWork (http://localhost:8081/node_modules/expo-router/entry.bundle?platform=web&dev=true&hot=false&lazy=true&transform.engine=hermes&transform.routerRoot=app&unstable_transformProfile=hermes-stable:19967:95)
    at workLoopSync (http://localhost:8081/node_modules/expo-router/entry.bundle?platform=web&dev=true&hot=false&lazy=true&transform.engine=hermes&transform.routerRoot=app&unstable_transformProfile=hermes-stable:19862:40)
    at renderRootSync (http://localhost:8081/node_modules/expo-router/entry.bundle?platform=web&dev=true&hot=false&lazy=true&transform.engine=hermes&transform.routerRoot=app&unstable_transformProfile=hermes-stable:19847:9)
    at performWorkOnRoot (http://localhost:8081/node_modules/expo-router/entry.bundle?platform=web&dev=true&hot=false&lazy=true&transform.engine=hermes&transform.routerRoot=app&unstable_transformProfile=hermes-stable:19520:35)
    at performWorkOnRootViaSchedulerTask (http://localhost:8081/node_modules/expo-router/entry.bundle?platform=web&dev=true&hot=false&lazy=true&transform.engine=hermes&transform.routerRoot=app&unstable_transformProfile=hermes-stable:20622:7)
    at MessagePort.performWorkUntilDeadline (http://localhost:8081/node_modules/expo-router/entry.bundle?platform=web&dev=true&hot=false&lazy=true&transform.engine=hermes&transform.routerRoot=app&unstable_transformProfile=hermes-stable:26561:48)
[ 3000454ms] [WARNING] %s

%s
 An error occurred in the <HomeScreen(./(tabs)/index.tsx)> component. Consider adding an error boundary to your tree to customize error handling behavior.
Visit https://react.dev/link/error-boundaries to learn more about error boundaries. @ http://localhost:8081/node_modules/expo-router/entry.bundle?platform=web&dev=true&hot=false&lazy=true&transform.engine=hermes&transform.routerRoot=app&unstable_transformProfile=hermes-stable:16652
[ 3481201ms] [WARNING] [Layout children]: No route named "+not-found" exists in nested children: [notifications, paywall, (auth), (tabs), accounts/add, budget/add-category, budget/add-goal, budget/add-subcategory, budget/set-budget, budget/goal/[id], dev/sms-test, onboarding, settings/about, settings/allocation, settings/budget-reset-day, settings/currency, settings/export, settings/merchant-categories, settings/notifications, settings/shortcut-setup, subscriptions/[id], subscriptions/add, transaction/[id], transactions/index, trends/[category]] @ http://localhost:8081/node_modules/expo-router/entry.bundle?platform=web&dev=true&hot=false&lazy=true&transform.engine=hermes&transform.routerRoot=app&unstable_transformProfile=hermes-stable:73056
[ 3481221ms] [WARNING] [Layout children]: No route named "settings/monthly-income" exists in nested children: [notifications, paywall, (auth), (tabs), accounts/add, budget/add-category, budget/add-goal, budget/add-subcategory, budget/set-budget, budget/goal/[id], dev/sms-test, onboarding, settings/about, settings/allocation, settings/budget-reset-day, settings/currency, settings/export, settings/merchant-categories, settings/notifications, settings/shortcut-setup, subscriptions/[id], subscriptions/add, transaction/[id], transactions/index, trends/[category]] @ http://localhost:8081/node_modules/expo-router/entry.bundle?platform=web&dev=true&hot=false&lazy=true&transform.engine=hermes&transform.routerRoot=app&unstable_transformProfile=hermes-stable:73056
